<?xml version="1.0" encoding="UTF-8"?>
<!-- Generated by org.testng.reporters.JUnitReportReporter -->
<testsuite skipped="0" hostname="LAPTOP-F6J5NTAK" name="com.testCases.HotelTest" tests="12" failures="0" timestamp="2021-10-21T17:53:01 IST" time="33.870" errors="0">
  <testcase name="handlingPopup" time="4.106" classname="com.testCases.HotelTest"/>
  <system-out/>
  <testcase name="selectHotels" time="1.073" classname="com.testCases.HotelTest"/>
  <system-out/>
  <testcase name="selectCity" time="3.640" classname="com.testCases.HotelTest"/>
  <system-out/>
  <testcase name="checkIn" time="0.871" classname="com.testCases.HotelTest"/>
  <system-out/>
  <testcase name="checkOut" time="1.534" classname="com.testCases.HotelTest"/>
  <system-out/>
  <testcase name="travelReason" time="0.852" classname="com.testCases.HotelTest"/>
  <system-out/>
  <testcase name="clickSearch" time="6.349" classname="com.testCases.HotelTest"/>
  <system-out/>
  <testcase name="selectHotel" time="1.541" classname="com.testCases.HotelTest"/>
  <system-out/>
  <testcase name="handlingWindows" time="0.607" classname="com.testCases.HotelTest"/>
  <system-out/>
  <testcase name="pageSelection1" time="4.894" classname="com.testCases.HotelTest"/>
  <system-out/>
  <testcase name="guestDetails" time="2.844" classname="com.testCases.HotelTest"/>
  <system-out/>
  <testcase name="proceedToPay" time="5.559" classname="com.testCases.HotelTest"/>
  <system-out/>
</testsuite> <!-- com.testCases.HotelTest -->
