<?xml version="1.0" encoding="UTF-8"?>
<!-- Generated by org.testng.reporters.JUnitReportReporter -->
<testsuite skipped="0" hostname="LAPTOP-F6J5NTAK" name="roundTrip.TESTTT" tests="1" failures="0" timestamp="2021-10-20T13:33:24 IST" time="42.221" errors="0">
  <testcase name="loginSignupbtn" time="42.221" classname="roundTrip.TESTTT"/>
  <system-out/>
</testsuite> <!-- roundTrip.TESTTT -->
